#
# There is insufficient memory for the Java Runtime Environment to continue.
# Native memory allocation (malloc) failed to allocate 32744 bytes for Chunk::new
# Possible reasons:
#   The system is out of physical RAM or swap space
#   The process is running with CompressedOops enabled, and the Java Heap may be blocking the growth of the native heap
# Possible solutions:
#   Reduce memory load on the system
#   Increase physical memory or swap space
#   Check if swap backing store is full
#   Decrease Java heap size (-Xmx/-Xms)
#   Decrease number of Java threads
#   Decrease Java thread stack sizes (-Xss)
#   Set larger code cache with -XX:ReservedCodeCacheSize=
#   JVM is running with Zero Based Compressed Oops mode in which the Java heap is
#     placed in the first 32GB address space. The Java Heap base address is the
#     maximum limit for the native heap growth. Please use -XX:HeapBaseMinAddress
#     to set the Java Heap base and to place the Java Heap above 32GB virtual address.
# This output file may be truncated or incomplete.
#
#  Out of Memory Error (arena.cpp:184), pid=19804, tid=19388
#
# JRE version: Java(TM) SE Runtime Environment (19.0+36) (build 19+36-2238)
# Java VM: Java HotSpot(TM) 64-Bit Server VM (19+36-2238, mixed mode, sharing, tiered, compressed oops, compressed class ptrs, g1 gc, windows-amd64)
# No core dump will be written. Minidumps are not enabled by default on client versions of Windows
#

---------------  S U M M A R Y ------------

Command Line: -javaagent:C:\Program Files\JetBrains\IntelliJ IDEA 2022.2.3\lib\idea_rt.jar=6287:C:\Program Files\JetBrains\IntelliJ IDEA 2022.2.3\bin -Dfile.encoding=UTF-8 -Dsun.stdout.encoding=UTF-8 -Dsun.stderr.encoding=UTF-8 org.server.Server

Host: AMD Ryzen 5 5600H with Radeon Graphics         , 12 cores, 13G,  Windows 11 , 64 bit Build 22000 (10.0.22000.1219)
Time: Tue Nov 15 13:27:00 2022 RTZ 2 (s 11 , 64 bit Build 22000 (10.0.22000.1219) elapsed time: 0.069687 seconds (0d 0h 0m 0s)

---------------  T H R E A D  ---------------

Current thread (0x00000150a6d1b3a0):  JavaThread "C2 CompilerThread0" daemon [_thread_in_native, id=19388, stack(0x000000020fe00000,0x000000020ff00000)]


Current CompileTask:
C2:     69  145       4       java.util.HashMap::putVal (300 bytes)

Stack: [0x000000020fe00000,0x000000020ff00000]
Native frames: (J=compiled Java code, j=interpreted, Vv=VM code, C=native code)
V  [jvm.dll+0x6ee8fa]
V  [jvm.dll+0x857a1e]
V  [jvm.dll+0x85940e]
V  [jvm.dll+0x859ac3]
V  [jvm.dll+0x28291f]
V  [jvm.dll+0xc9b5f]
V  [jvm.dll+0xc9ee5]
V  [jvm.dll+0x6cba4a]
V  [jvm.dll+0x1ec86a]
V  [jvm.dll+0x7014b4]
V  [jvm.dll+0x703305]
V  [jvm.dll+0x703099]
V  [jvm.dll+0x7059db]
V  [jvm.dll+0x70920b]
V  [jvm.dll+0x701356]
V  [jvm.dll+0x7009a1]
V  [jvm.dll+0x6fe883]
V  [jvm.dll+0x1d9eec]
V  [jvm.dll+0x24b223]
V  [jvm.dll+0x1d6d61]
V  [jvm.dll+0x25b0fa]
V  [jvm.dll+0x259588]
V  [jvm.dll+0x807928]
V  [jvm.dll+0x8015fa]
V  [jvm.dll+0x6ed5eb]
C  [ucrtbase.dll+0x26c0c]
C  [KERNEL32.DLL+0x15550]
C  [ntdll.dll+0x485b]


---------------  P R O C E S S  ---------------

Threads class SMR info:
_java_thread_list=0x00000150ab09b4e0, length=11, elements={
0x000001508482d4e0, 0x00000150a6d05240, 0x00000150a6d07c80, 0x00000150a6d0cde0,
0x00000150a6d0f720, 0x00000150a6d10050, 0x00000150a6d119f0, 0x00000150a6d1b3a0,
0x00000150a6d27950, 0x00000150a6d32440, 0x00000150a6d2ff10
}

Java Threads: ( => current thread )
  0x000001508482d4e0 JavaThread "main" [_thread_in_Java, id=17244, stack(0x000000020f100000,0x000000020f200000)]
  0x00000150a6d05240 JavaThread "Reference Handler" daemon [_thread_blocked, id=20484, stack(0x000000020f800000,0x000000020f900000)]
  0x00000150a6d07c80 JavaThread "Finalizer" daemon [_thread_blocked, id=20492, stack(0x000000020f900000,0x000000020fa00000)]
  0x00000150a6d0cde0 JavaThread "Signal Dispatcher" daemon [_thread_blocked, id=14480, stack(0x000000020fa00000,0x000000020fb00000)]
  0x00000150a6d0f720 JavaThread "Attach Listener" daemon [_thread_blocked, id=21252, stack(0x000000020fb00000,0x000000020fc00000)]
  0x00000150a6d10050 JavaThread "Service Thread" daemon [_thread_blocked, id=6732, stack(0x000000020fc00000,0x000000020fd00000)]
  0x00000150a6d119f0 JavaThread "Monitor Deflation Thread" daemon [_thread_blocked, id=20924, stack(0x000000020fd00000,0x000000020fe00000)]
=>0x00000150a6d1b3a0 JavaThread "C2 CompilerThread0" daemon [_thread_in_native, id=19388, stack(0x000000020fe00000,0x000000020ff00000)]
  0x00000150a6d27950 JavaThread "C1 CompilerThread0" daemon [_thread_in_native, id=11292, stack(0x000000020ff00000,0x0000000210000000)]
  0x00000150a6d32440 JavaThread "Sweeper thread" daemon [_thread_blocked, id=20616, stack(0x0000000210000000,0x0000000210100000)]
  0x00000150a6d2ff10 JavaThread "Common-Cleaner" daemon [_thread_blocked, id=12012, stack(0x0000000210100000,0x0000000210200000)]

Other Threads:
  0x00000150a6ceb7b0 VMThread "VM Thread" [stack: 0x000000020f700000,0x000000020f800000] [id=20548]
  0x00000150848948d0 WorkerThread "GC Thread#0" [stack: 0x000000020f200000,0x000000020f300000] [id=20544]
  0x00000150848a38f0 ConcurrentGCThread "G1 Main Marker" [stack: 0x000000020f300000,0x000000020f400000] [id=20520]
  0x00000150848a6980 WorkerThread "G1 Conc#0" [stack: 0x000000020f400000,0x000000020f500000] [id=14176]
  0x00000150a6b9d520 ConcurrentGCThread "G1 Refine#0" [stack: 0x000000020f500000,0x000000020f600000] [id=15188]
  0x00000150a6b9ee20 ConcurrentGCThread "G1 Service" [stack: 0x000000020f600000,0x000000020f700000] [id=20524]

Threads with active compile tasks:
C2 CompilerThread0       86  145       4       java.util.HashMap::putVal (300 bytes)
C1 CompilerThread0       86  181       3       java.util.zip.ZipUtils::CENHOW (9 bytes)

VM state: not at safepoint (normal execution)

VM Mutex/Monitor currently owned by a thread:  ([mutex/lock_event])
[0x0000015084827970] CompileThread_lock - owner thread: 0x00000150a6d27950

Heap address: 0x0000000722400000, size: 3548 MB, Compressed Oops mode: Zero based, Oop shift amount: 3

CDS archive(s) mapped at: [0x0000000800000000-0x0000000800c40000-0x0000000800c40000), size 12845056, SharedBaseAddress: 0x0000000800000000, ArchiveRelocationMode: 0.
Compressed class space mapped at: 0x0000000801000000-0x0000000841000000, reserved size: 1073741824
Narrow klass base: 0x0000000800000000, Narrow klass shift: 0, Narrow klass range: 0x100000000

GC Precious Log:
 CardTable entry size: 512
 Card Set container configuration: InlinePtr #cards 4 size 8 Array Of Cards #cards 8 size 32 Howl #buckets 8 coarsen threshold 3686 Howl Bitmap #cards 512 size 80 coarsen threshold 460 Card regions per heap region 1 cards per card region 4096
 CPUs: 12 total, 12 available
 Memory: 14188M
 Large Page Support: Disabled
 NUMA Support: Disabled
 Compressed Oops: Enabled (Zero based)
 Heap Region Size: 2M
 Heap Min Capacity: 8M
 Heap Initial Capacity: 222M
 Heap Max Capacity: 3548M
 Pre-touch: Disabled
 Parallel Workers: 10
 Concurrent Workers: 3
 Concurrent Refinement Workers: 10
 Periodic GC: Disabled

Heap:
 garbage-first heap   total 227328K, used 2048K [0x0000000722400000, 0x0000000800000000)
  region size 2048K, 2 young (4096K), 0 survivors (0K)
 Metaspace       used 333K, committed 512K, reserved 1114112K
  class space    used 16K, committed 128K, reserved 1048576K

Heap Regions: E=young(eden), S=young(survivor), O=old, HS=humongous(starts), HC=humongous(continues), CS=collection set, F=free, OA=open archive, CA=closed archive, TAMS=top-at-mark-start (previous, next)
|   0|0x0000000722400000, 0x0000000722400000, 0x0000000722600000|  0%| F|  |TAMS 0x0000000722400000, 0x0000000722400000| Untracked 
|   1|0x0000000722600000, 0x0000000722600000, 0x0000000722800000|  0%| F|  |TAMS 0x0000000722600000, 0x0000000722600000| Untracked 
|   2|0x0000000722800000, 0x0000000722800000, 0x0000000722a00000|  0%| F|  |TAMS 0x0000000722800000, 0x0000000722800000| Untracked 
|   3|0x0000000722a00000, 0x0000000722a00000, 0x0000000722c00000|  0%| F|  |TAMS 0x0000000722a00000, 0x0000000722a00000| Untracked 
|   4|0x0000000722c00000, 0x0000000722c00000, 0x0000000722e00000|  0%| F|  |TAMS 0x0000000722c00000, 0x0000000722c00000| Untracked 
|   5|0x0000000722e00000, 0x0000000722e00000, 0x0000000723000000|  0%| F|  |TAMS 0x0000000722e00000, 0x0000000722e00000| Untracked 
|   6|0x0000000723000000, 0x0000000723000000, 0x0000000723200000|  0%| F|  |TAMS 0x0000000723000000, 0x0000000723000000| Untracked 
|   7|0x0000000723200000, 0x0000000723200000, 0x0000000723400000|  0%| F|  |TAMS 0x0000000723200000, 0x0000000723200000| Untracked 
|   8|0x0000000723400000, 0x0000000723400000, 0x0000000723600000|  0%| F|  |TAMS 0x0000000723400000, 0x0000000723400000| Untracked 
|   9|0x0000000723600000, 0x0000000723600000, 0x0000000723800000|  0%| F|  |TAMS 0x0000000723600000, 0x0000000723600000| Untracked 
|  10|0x0000000723800000, 0x0000000723800000, 0x0000000723a00000|  0%| F|  |TAMS 0x0000000723800000, 0x0000000723800000| Untracked 
|  11|0x0000000723a00000, 0x0000000723a00000, 0x0000000723c00000|  0%| F|  |TAMS 0x0000000723a00000, 0x0000000723a00000| Untracked 
|  12|0x0000000723c00000, 0x0000000723c00000, 0x0000000723e00000|  0%| F|  |TAMS 0x0000000723c00000, 0x0000000723c00000| Untracked 
|  13|0x0000000723e00000, 0x0000000723e00000, 0x0000000724000000|  0%| F|  |TAMS 0x0000000723e00000, 0x0000000723e00000| Untracked 
|  14|0x0000000724000000, 0x0000000724000000, 0x0000000724200000|  0%| F|  |TAMS 0x0000000724000000, 0x0000000724000000| Untracked 
|  15|0x0000000724200000, 0x0000000724200000, 0x0000000724400000|  0%| F|  |TAMS 0x0000000724200000, 0x0000000724200000| Untracked 
|  16|0x0000000724400000, 0x0000000724400000, 0x0000000724600000|  0%| F|  |TAMS 0x0000000724400000, 0x0000000724400000| Untracked 
|  17|0x0000000724600000, 0x0000000724600000, 0x0000000724800000|  0%| F|  |TAMS 0x0000000724600000, 0x0000000724600000| Untracked 
|  18|0x0000000724800000, 0x0000000724800000, 0x0000000724a00000|  0%| F|  |TAMS 0x0000000724800000, 0x0000000724800000| Untracked 
|  19|0x0000000724a00000, 0x0000000724a00000, 0x0000000724c00000|  0%| F|  |TAMS 0x0000000724a00000, 0x0000000724a00000| Untracked 
|  20|0x0000000724c00000, 0x0000000724c00000, 0x0000000724e00000|  0%| F|  |TAMS 0x0000000724c00000, 0x0000000724c00000| Untracked 
|  21|0x0000000724e00000, 0x0000000724e00000, 0x0000000725000000|  0%| F|  |TAMS 0x0000000724e00000, 0x0000000724e00000| Untracked 
|  22|0x0000000725000000, 0x0000000725000000, 0x0000000725200000|  0%| F|  |TAMS 0x0000000725000000, 0x0000000725000000| Untracked 
|  23|0x0000000725200000, 0x0000000725200000, 0x0000000725400000|  0%| F|  |TAMS 0x0000000725200000, 0x0000000725200000| Untracked 
|  24|0x0000000725400000, 0x0000000725400000, 0x0000000725600000|  0%| F|  |TAMS 0x0000000725400000, 0x0000000725400000| Untracked 
|  25|0x0000000725600000, 0x0000000725600000, 0x0000000725800000|  0%| F|  |TAMS 0x0000000725600000, 0x0000000725600000| Untracked 
|  26|0x0000000725800000, 0x0000000725800000, 0x0000000725a00000|  0%| F|  |TAMS 0x0000000725800000, 0x0000000725800000| Untracked 
|  27|0x0000000725a00000, 0x0000000725a00000, 0x0000000725c00000|  0%| F|  |TAMS 0x0000000725a00000, 0x0000000725a00000| Untracked 
|  28|0x0000000725c00000, 0x0000000725c00000, 0x0000000725e00000|  0%| F|  |TAMS 0x0000000725c00000, 0x0000000725c00000| Untracked 
|  29|0x0000000725e00000, 0x0000000725e00000, 0x0000000726000000|  0%| F|  |TAMS 0x0000000725e00000, 0x0000000725e00000| Untracked 
|  30|0x0000000726000000, 0x0000000726000000, 0x0000000726200000|  0%| F|  |TAMS 0x0000000726000000, 0x0000000726000000| Untracked 
|  31|0x0000000726200000, 0x0000000726200000, 0x0000000726400000|  0%| F|  |TAMS 0x0000000726200000, 0x0000000726200000| Untracked 
|  32|0x0000000726400000, 0x0000000726400000, 0x0000000726600000|  0%| F|  |TAMS 0x0000000726400000, 0x0000000726400000| Untracked 
|  33|0x0000000726600000, 0x0000000726600000, 0x0000000726800000|  0%| F|  |TAMS 0x0000000726600000, 0x0000000726600000| Untracked 
|  34|0x0000000726800000, 0x0000000726800000, 0x0000000726a00000|  0%| F|  |TAMS 0x0000000726800000, 0x0000000726800000| Untracked 
|  35|0x0000000726a00000, 0x0000000726a00000, 0x0000000726c00000|  0%| F|  |TAMS 0x0000000726a00000, 0x0000000726a00000| Untracked 
|  36|0x0000000726c00000, 0x0000000726c00000, 0x0000000726e00000|  0%| F|  |TAMS 0x0000000726c00000, 0x0000000726c00000| Untracked 
|  37|0x0000000726e00000, 0x0000000726e00000, 0x0000000727000000|  0%| F|  |TAMS 0x0000000726e00000, 0x0000000726e00000| Untracked 
|  38|0x0000000727000000, 0x0000000727000000, 0x0000000727200000|  0%| F|  |TAMS 0x0000000727000000, 0x0000000727000000| Untracked 
|  39|0x0000000727200000, 0x0000000727200000, 0x0000000727400000|  0%| F|  |TAMS 0x0000000727200000, 0x0000000727200000| Untracked 
|  40|0x0000000727400000, 0x0000000727400000, 0x0000000727600000|  0%| F|  |TAMS 0x0000000727400000, 0x0000000727400000| Untracked 
|  41|0x0000000727600000, 0x0000000727600000, 0x0000000727800000|  0%| F|  |TAMS 0x0000000727600000, 0x0000000727600000| Untracked 
|  42|0x0000000727800000, 0x0000000727800000, 0x0000000727a00000|  0%| F|  |TAMS 0x0000000727800000, 0x0000000727800000| Untracked 
|  43|0x0000000727a00000, 0x0000000727a00000, 0x0000000727c00000|  0%| F|  |TAMS 0x0000000727a00000, 0x0000000727a00000| Untracked 
|  44|0x0000000727c00000, 0x0000000727c00000, 0x0000000727e00000|  0%| F|  |TAMS 0x0000000727c00000, 0x0000000727c00000| Untracked 
|  45|0x0000000727e00000, 0x0000000727e00000, 0x0000000728000000|  0%| F|  |TAMS 0x0000000727e00000, 0x0000000727e00000| Untracked 
|  46|0x0000000728000000, 0x0000000728000000, 0x0000000728200000|  0%| F|  |TAMS 0x0000000728000000, 0x0000000728000000| Untracked 
|  47|0x0000000728200000, 0x0000000728200000, 0x0000000728400000|  0%| F|  |TAMS 0x0000000728200000, 0x0000000728200000| Untracked 
|  48|0x0000000728400000, 0x0000000728400000, 0x0000000728600000|  0%| F|  |TAMS 0x0000000728400000, 0x0000000728400000| Untracked 
|  49|0x0000000728600000, 0x0000000728600000, 0x0000000728800000|  0%| F|  |TAMS 0x0000000728600000, 0x0000000728600000| Untracked 
|  50|0x0000000728800000, 0x0000000728800000, 0x0000000728a00000|  0%| F|  |TAMS 0x0000000728800000, 0x0000000728800000| Untracked 
|  51|0x0000000728a00000, 0x0000000728a00000, 0x0000000728c00000|  0%| F|  |TAMS 0x0000000728a00000, 0x0000000728a00000| Untracked 
|  52|0x0000000728c00000, 0x0000000728c00000, 0x0000000728e00000|  0%| F|  |TAMS 0x0000000728c00000, 0x0000000728c00000| Untracked 
|  53|0x0000000728e00000, 0x0000000728e00000, 0x0000000729000000|  0%| F|  |TAMS 0x0000000728e00000, 0x0000000728e00000| Untracked 
|  54|0x0000000729000000, 0x0000000729000000, 0x0000000729200000|  0%| F|  |TAMS 0x0000000729000000, 0x0000000729000000| Untracked 
|  55|0x0000000729200000, 0x0000000729200000, 0x0000000729400000|  0%| F|  |TAMS 0x0000000729200000, 0x0000000729200000| Untracked 
|  56|0x0000000729400000, 0x0000000729400000, 0x0000000729600000|  0%| F|  |TAMS 0x0000000729400000, 0x0000000729400000| Untracked 
|  57|0x0000000729600000, 0x0000000729600000, 0x0000000729800000|  0%| F|  |TAMS 0x0000000729600000, 0x0000000729600000| Untracked 
|  58|0x0000000729800000, 0x0000000729800000, 0x0000000729a00000|  0%| F|  |TAMS 0x0000000729800000, 0x0000000729800000| Untracked 
|  59|0x0000000729a00000, 0x0000000729a00000, 0x0000000729c00000|  0%| F|  |TAMS 0x0000000729a00000, 0x0000000729a00000| Untracked 
|  60|0x0000000729c00000, 0x0000000729c00000, 0x0000000729e00000|  0%| F|  |TAMS 0x0000000729c00000, 0x0000000729c00000| Untracked 
|  61|0x0000000729e00000, 0x0000000729e00000, 0x000000072a000000|  0%| F|  |TAMS 0x0000000729e00000, 0x0000000729e00000| Untracked 
|  62|0x000000072a000000, 0x000000072a000000, 0x000000072a200000|  0%| F|  |TAMS 0x000000072a000000, 0x000000072a000000| Untracked 
|  63|0x000000072a200000, 0x000000072a200000, 0x000000072a400000|  0%| F|  |TAMS 0x000000072a200000, 0x000000072a200000| Untracked 
|  64|0x000000072a400000, 0x000000072a400000, 0x000000072a600000|  0%| F|  |TAMS 0x000000072a400000, 0x000000072a400000| Untracked 
|  65|0x000000072a600000, 0x000000072a600000, 0x000000072a800000|  0%| F|  |TAMS 0x000000072a600000, 0x000000072a600000| Untracked 
|  66|0x000000072a800000, 0x000000072a800000, 0x000000072aa00000|  0%| F|  |TAMS 0x000000072a800000, 0x000000072a800000| Untracked 
|  67|0x000000072aa00000, 0x000000072aa00000, 0x000000072ac00000|  0%| F|  |TAMS 0x000000072aa00000, 0x000000072aa00000| Untracked 
|  68|0x000000072ac00000, 0x000000072ac00000, 0x000000072ae00000|  0%| F|  |TAMS 0x000000072ac00000, 0x000000072ac00000| Untracked 
|  69|0x000000072ae00000, 0x000000072ae00000, 0x000000072b000000|  0%| F|  |TAMS 0x000000072ae00000, 0x000000072ae00000| Untracked 
|  70|0x000000072b000000, 0x000000072b000000, 0x000000072b200000|  0%| F|  |TAMS 0x000000072b000000, 0x000000072b000000| Untracked 
|  71|0x000000072b200000, 0x000000072b200000, 0x000000072b400000|  0%| F|  |TAMS 0x000000072b200000, 0x000000072b200000| Untracked 
|  72|0x000000072b400000, 0x000000072b400000, 0x000000072b600000|  0%| F|  |TAMS 0x000000072b400000, 0x000000072b400000| Untracked 
|  73|0x000000072b600000, 0x000000072b600000, 0x000000072b800000|  0%| F|  |TAMS 0x000000072b600000, 0x000000072b600000| Untracked 
|  74|0x000000072b800000, 0x000000072b800000, 0x000000072ba00000|  0%| F|  |TAMS 0x000000072b800000, 0x000000072b800000| Untracked 
|  75|0x000000072ba00000, 0x000000072ba00000, 0x000000072bc00000|  0%| F|  |TAMS 0x000000072ba00000, 0x000000072ba00000| Untracked 
|  76|0x000000072bc00000, 0x000000072bc00000, 0x000000072be00000|  0%| F|  |TAMS 0x000000072bc00000, 0x000000072bc00000| Untracked 
|  77|0x000000072be00000, 0x000000072be00000, 0x000000072c000000|  0%| F|  |TAMS 0x000000072be00000, 0x000000072be00000| Untracked 
|  78|0x000000072c000000, 0x000000072c000000, 0x000000072c200000|  0%| F|  |TAMS 0x000000072c000000, 0x000000072c000000| Untracked 
|  79|0x000000072c200000, 0x000000072c200000, 0x000000072c400000|  0%| F|  |TAMS 0x000000072c200000, 0x000000072c200000| Untracked 
|  80|0x000000072c400000, 0x000000072c400000, 0x000000072c600000|  0%| F|  |TAMS 0x000000072c400000, 0x000000072c400000| Untracked 
|  81|0x000000072c600000, 0x000000072c600000, 0x000000072c800000|  0%| F|  |TAMS 0x000000072c600000, 0x000000072c600000| Untracked 
|  82|0x000000072c800000, 0x000000072c800000, 0x000000072ca00000|  0%| F|  |TAMS 0x000000072c800000, 0x000000072c800000| Untracked 
|  83|0x000000072ca00000, 0x000000072ca00000, 0x000000072cc00000|  0%| F|  |TAMS 0x000000072ca00000, 0x000000072ca00000| Untracked 
|  84|0x000000072cc00000, 0x000000072cc00000, 0x000000072ce00000|  0%| F|  |TAMS 0x000000072cc00000, 0x000000072cc00000| Untracked 
|  85|0x000000072ce00000, 0x000000072ce00000, 0x000000072d000000|  0%| F|  |TAMS 0x000000072ce00000, 0x000000072ce00000| Untracked 
|  86|0x000000072d000000, 0x000000072d000000, 0x000000072d200000|  0%| F|  |TAMS 0x000000072d000000, 0x000000072d000000| Untracked 
|  87|0x000000072d200000, 0x000000072d200000, 0x000000072d400000|  0%| F|  |TAMS 0x000000072d200000, 0x000000072d200000| Untracked 
|  88|0x000000072d400000, 0x000000072d400000, 0x000000072d600000|  0%| F|  |TAMS 0x000000072d400000, 0x000000072d400000| Untracked 
|  89|0x000000072d600000, 0x000000072d600000, 0x000000072d800000|  0%| F|  |TAMS 0x000000072d600000, 0x000000072d600000| Untracked 
|  90|0x000000072d800000, 0x000000072d800000, 0x000000072da00000|  0%| F|  |TAMS 0x000000072d800000, 0x000000072d800000| Untracked 
|  91|0x000000072da00000, 0x000000072da00000, 0x000000072dc00000|  0%| F|  |TAMS 0x000000072da00000, 0x000000072da00000| Untracked 
|  92|0x000000072dc00000, 0x000000072dc00000, 0x000000072de00000|  0%| F|  |TAMS 0x000000072dc00000, 0x000000072dc00000| Untracked 
|  93|0x000000072de00000, 0x000000072de00000, 0x000000072e000000|  0%| F|  |TAMS 0x000000072de00000, 0x000000072de00000| Untracked 
|  94|0x000000072e000000, 0x000000072e000000, 0x000000072e200000|  0%| F|  |TAMS 0x000000072e000000, 0x000000072e000000| Untracked 
|  95|0x000000072e200000, 0x000000072e200000, 0x000000072e400000|  0%| F|  |TAMS 0x000000072e200000, 0x000000072e200000| Untracked 
|  96|0x000000072e400000, 0x000000072e400000, 0x000000072e600000|  0%| F|  |TAMS 0x000000072e400000, 0x000000072e400000| Untracked 
|  97|0x000000072e600000, 0x000000072e600000, 0x000000072e800000|  0%| F|  |TAMS 0x000000072e600000, 0x000000072e600000| Untracked 
|  98|0x000000072e800000, 0x000000072e800000, 0x000000072ea00000|  0%| F|  |TAMS 0x000000072e800000, 0x000000072e800000| Untracked 
|  99|0x000000072ea00000, 0x000000072ea00000, 0x000000072ec00000|  0%| F|  |TAMS 0x000000072ea00000, 0x000000072ea00000| Untracked 
| 100|0x000000072ec00000, 0x000000072ec00000, 0x000000072ee00000|  0%| F|  |TAMS 0x000000072ec00000, 0x000000072ec00000| Untracked 
| 101|0x000000072ee00000, 0x000000072ee00000, 0x000000072f000000|  0%| F|  |TAMS 0x000000072ee00000, 0x000000072ee00000| Untracked 
| 102|0x000000072f000000, 0x000000072f000000, 0x000000072f200000|  0%| F|  |TAMS 0x000000072f000000, 0x000000072f000000| Untracked 
| 103|0x000000072f200000, 0x000000072f200000, 0x000000072f400000|  0%| F|  |TAMS 0x000000072f200000, 0x000000072f200000| Untracked 
| 104|0x000000072f400000, 0x000000072f400000, 0x000000072f600000|  0%| F|  |TAMS 0x000000072f400000, 0x000000072f400000| Untracked 
| 105|0x000000072f600000, 0x000000072f600000, 0x000000072f800000|  0%| F|  |TAMS 0x000000072f600000, 0x000000072f600000| Untracked 
| 106|0x000000072f800000, 0x000000072f800000, 0x000000072fa00000|  0%| F|  |TAMS 0x000000072f800000, 0x000000072f800000| Untracked 
| 107|0x000000072fa00000, 0x000000072fa00000, 0x000000072fc00000|  0%| F|  |TAMS 0x000000072fa00000, 0x000000072fa00000| Untracked 
| 108|0x000000072fc00000, 0x000000072fc00000, 0x000000072fe00000|  0%| F|  |TAMS 0x000000072fc00000, 0x000000072fc00000| Untracked 
| 109|0x000000072fe00000, 0x000000072ff55518, 0x0000000730000000| 66%| E|  |TAMS 0x000000072fe00000, 0x000000072fe00000| Complete 
| 110|0x0000000730000000, 0x0000000730200000, 0x0000000730200000|100%| E|CS|TAMS 0x0000000730000000, 0x0000000730000000| Complete 

Card table byte_map: [0x000001509c3f0000,0x000001509cae0000] _byte_map_base: 0x0000015098ade000

Marking Bits (Prev, Next): (CMBitMap*) 0x0000015084894f00, (CMBitMap*) 0x0000015084894f40
 Prev Bits: [0x000001509d1d0000, 0x00000150a0940000)
 Next Bits: [0x00000150a0940000, 0x00000150a40b0000)

Polling page: 0x00000150827b0000

Metaspace:

Usage:
  Non-class:    328.11 KB used.
      Class:     16.91 KB used.
       Both:    345.02 KB used.

Virtual space:
  Non-class space:       64.00 MB reserved,     448.00 KB ( <1%) committed,  1 nodes.
      Class space:        1.00 GB reserved,     128.00 KB ( <1%) committed,  1 nodes.
             Both:        1.06 GB reserved,     576.00 KB ( <1%) committed. 

Chunk freelists:
   Non-Class:  4.00 MB
       Class:  3.75 MB
        Both:  7.74 MB

MaxMetaspaceSize: unlimited
CompressedClassSpaceSize: 1.00 GB
Initial GC threshold: 21.00 MB
Current GC threshold: 21.00 MB
CDS: on
MetaspaceReclaimPolicy: balanced
 - commit_granule_bytes: 65536.
 - commit_granule_words: 8192.
 - virtual_space_node_default_size: 8388608.
 - enlarge_chunks_in_place: 1.
 - new_chunks_are_fully_committed: 0.
 - uncommit_free_chunks: 1.
 - use_allocation_guard: 0.


Internal statistics:

num_allocs_failed_limit: 0.
num_arena_births: 6.
num_arena_deaths: 0.
num_vsnodes_births: 2.
num_vsnodes_deaths: 0.
num_space_committed: 9.
num_space_uncommitted: 0.
num_chunks_returned_to_freelist: 0.
num_chunks_taken_from_freelist: 7.
num_chunk_merges: 0.
num_chunk_splits: 4.
num_chunks_enlarged: 2.
num_inconsistent_stats: 0.

CodeHeap 'non-profiled nmethods': size=120000Kb used=54Kb max_used=54Kb free=119945Kb
 bounds [0x0000015094260000, 0x00000150944d0000, 0x000001509b790000]
CodeHeap 'profiled nmethods': size=120000Kb used=210Kb max_used=210Kb free=119789Kb
 bounds [0x000001508c790000, 0x000001508ca00000, 0x0000015093cc0000]
CodeHeap 'non-nmethods': size=5760Kb used=1192Kb max_used=1206Kb free=4567Kb
 bounds [0x0000015093cc0000, 0x0000015093f30000, 0x0000015094260000]
 total_blobs=576 nmethods=190 adapters=297
 compilation: enabled
              stopped_count=0, restarted_count=0
 full_count=0

Compilation events (20 events):
Event: 0.067 Thread 0x00000150a6d27950 nmethod 144 0x000001508c7b5010 code [0x000001508c7b51c0, 0x000001508c7b53f8]
Event: 0.067 Thread 0x00000150a6d27950  141       1       java.lang.AbstractStringBuilder::getValue (5 bytes)
Event: 0.067 Thread 0x00000150a6d27950 nmethod 141 0x000001509426b510 code [0x000001509426b6a0, 0x000001509426b778]
Event: 0.067 Thread 0x00000150a6d1b3a0  145       4       java.util.HashMap::putVal (300 bytes)
Event: 0.067 Thread 0x00000150a6d27950  142       1       java.lang.AbstractStringBuilder::length (5 bytes)
Event: 0.067 Thread 0x00000150a6d27950 nmethod 142 0x000001509426b810 code [0x000001509426b9a0, 0x000001509426ba58]
Event: 0.067 Thread 0x00000150a6d27950  143       1       java.lang.module.ModuleDescriptor$Version::toString (5 bytes)
Event: 0.067 Thread 0x00000150a6d27950 nmethod 143 0x000001509426bb10 code [0x000001509426bca0, 0x000001509426bd78]
Event: 0.067 Thread 0x00000150a6d27950  146       1       java.lang.module.ResolvedModule::reference (5 bytes)
Event: 0.067 Thread 0x00000150a6d27950 nmethod 146 0x000001509426be10 code [0x000001509426bfa0, 0x000001509426c078]
Event: 0.067 Thread 0x00000150a6d27950  149       3       java.util.ImmutableCollections$Set12$1::next (95 bytes)
Event: 0.067 Thread 0x00000150a6d27950 nmethod 149 0x000001508c7b5510 code [0x000001508c7b56e0, 0x000001508c7b59e8]
Event: 0.067 Thread 0x00000150a6d27950  148       3       java.util.AbstractMap::<init> (5 bytes)
Event: 0.067 Thread 0x00000150a6d27950 nmethod 148 0x000001508c7b5b10 code [0x000001508c7b5cc0, 0x000001508c7b5e18]
Event: 0.067 Thread 0x00000150a6d27950  147       3       java.lang.module.ResolvedModule::name (11 bytes)
Event: 0.067 Thread 0x00000150a6d27950 nmethod 147 0x000001508c7b5f10 code [0x000001508c7b60c0, 0x000001508c7b6238]
Event: 0.067 Thread 0x00000150a6d27950  151       3       java.util.HashMap::<init> (11 bytes)
Event: 0.067 Thread 0x00000150a6d27950 nmethod 151 0x000001508c7b6310 code [0x000001508c7b64c0, 0x000001508c7b6698]
Event: 0.068 Thread 0x00000150a6d27950  152       3       java.util.HashSet::<init> (16 bytes)
Event: 0.068 Thread 0x00000150a6d27950 nmethod 152 0x000001508c7b6790 code [0x000001508c7b6960, 0x000001508c7b6d78]

GC Heap History (0 events):
No events

Dll operation events (2 events):
Event: 0.010 Loaded shared library C:\Program Files\Java\jdk-19\bin\java.dll
Event: 0.018 Loaded shared library C:\Program Files\Java\jdk-19\bin\jsvml.dll

Deoptimization events (0 events):
No events

Classes loaded (6 events):
Event: 0.025 Loading class sun/nio/cs/MS1251
Event: 0.025 Loading class sun/nio/cs/MS1251 done
Event: 0.026 Loading class sun/nio/cs/MS1251$Holder
Event: 0.026 Loading class sun/nio/cs/MS1251$Holder done
Event: 0.028 Loading class sun/nio/cs/UTF_8$Encoder
Event: 0.029 Loading class sun/nio/cs/UTF_8$Encoder done

Classes unloaded (0 events):
No events

Classes redefined (0 events):
No events

Internal exceptions (0 events):
No events

VM Operations (2 events):
Event: 0.059 Executing VM operation: HandshakeAllThreads
Event: 0.059 Executing VM operation: HandshakeAllThreads done

Events (11 events):
Event: 0.018 Thread 0x000001508482d4e0 Thread added: 0x000001508482d4e0
Event: 0.030 Thread 0x00000150a6d05240 Thread added: 0x00000150a6d05240
Event: 0.030 Thread 0x00000150a6d07c80 Thread added: 0x00000150a6d07c80
Event: 0.030 Thread 0x00000150a6d0cde0 Thread added: 0x00000150a6d0cde0
Event: 0.030 Thread 0x00000150a6d0f720 Thread added: 0x00000150a6d0f720
Event: 0.030 Thread 0x00000150a6d10050 Thread added: 0x00000150a6d10050
Event: 0.031 Thread 0x00000150a6d119f0 Thread added: 0x00000150a6d119f0
Event: 0.031 Thread 0x00000150a6d1b3a0 Thread added: 0x00000150a6d1b3a0
Event: 0.031 Thread 0x00000150a6d27950 Thread added: 0x00000150a6d27950
Event: 0.031 Thread 0x00000150a6d32440 Thread added: 0x00000150a6d32440
Event: 0.051 Thread 0x00000150a6d2ff10 Thread added: 0x00000150a6d2ff10


Dynamic libraries:
0x00007ff6813c0000 - 0x00007ff6813d0000 	C:\Program Files\Java\jdk-19\bin\java.exe
0x00007ff870120000 - 0x00007ff870329000 	C:\Windows\SYSTEM32\ntdll.dll
0x00007ff86f430000 - 0x00007ff86f4ee000 	C:\Windows\System32\KERNEL32.DLL
0x00007ff86d870000 - 0x00007ff86dbeb000 	C:\Windows\System32\KERNELBASE.dll
0x00007ff86dbf0000 - 0x00007ff86dd01000 	C:\Windows\System32\ucrtbase.dll
0x00007ff868b90000 - 0x00007ff868ba8000 	C:\Program Files\Java\jdk-19\bin\jli.dll
0x00007ff868790000 - 0x00007ff8687ab000 	C:\Program Files\Java\jdk-19\bin\VCRUNTIME140.dll
0x00007ff86f990000 - 0x00007ff86fa3e000 	C:\Windows\System32\ADVAPI32.dll
0x00007ff86f8e0000 - 0x00007ff86f983000 	C:\Windows\System32\msvcrt.dll
0x00007ff86df70000 - 0x00007ff86e00e000 	C:\Windows\System32\sechost.dll
0x00007ff86e010000 - 0x00007ff86e130000 	C:\Windows\System32\RPCRT4.dll
0x00007ff86f280000 - 0x00007ff86f42d000 	C:\Windows\System32\USER32.dll
0x00007ff853390000 - 0x00007ff853635000 	C:\Windows\WinSxS\amd64_microsoft.windows.common-controls_6595b64144ccf1df_6.0.22000.120_none_9d947278b86cc467\COMCTL32.dll
0x00007ff86df40000 - 0x00007ff86df66000 	C:\Windows\System32\win32u.dll
0x00007ff870070000 - 0x00007ff870099000 	C:\Windows\System32\GDI32.dll
0x00007ff86dd10000 - 0x00007ff86de28000 	C:\Windows\System32\gdi32full.dll
0x00007ff86de30000 - 0x00007ff86decd000 	C:\Windows\System32\msvcp_win.dll
0x00007ff867cd0000 - 0x00007ff867cda000 	C:\Windows\SYSTEM32\VERSION.dll
0x00007ff86f7d0000 - 0x00007ff86f802000 	C:\Windows\System32\IMM32.DLL
0x00007ff86a3c0000 - 0x00007ff86a3cc000 	C:\Program Files\Java\jdk-19\bin\vcruntime140_1.dll
0x00007ff849960000 - 0x00007ff8499ee000 	C:\Program Files\Java\jdk-19\bin\msvcp140.dll
0x00007ff82ebe0000 - 0x00007ff82f8a0000 	C:\Program Files\Java\jdk-19\bin\server\jvm.dll
0x00007ff86b1d0000 - 0x00007ff86b203000 	C:\Windows\SYSTEM32\WINMM.dll
0x00007ff844ed0000 - 0x00007ff844ed9000 	C:\Windows\SYSTEM32\WSOCK32.dll
0x00007ff86fb30000 - 0x00007ff86fb9f000 	C:\Windows\System32\WS2_32.dll
0x00007ff86c6f0000 - 0x00007ff86c708000 	C:\Windows\SYSTEM32\kernel.appcore.dll
0x00007ff869550000 - 0x00007ff86955a000 	C:\Program Files\Java\jdk-19\bin\jimage.dll
0x00007ff86afa0000 - 0x00007ff86b1c1000 	C:\Windows\SYSTEM32\DBGHELP.DLL
0x00007ff86af60000 - 0x00007ff86af91000 	C:\Windows\SYSTEM32\dbgcore.DLL
0x00007ff86d5c0000 - 0x00007ff86d63f000 	C:\Windows\System32\bcryptPrimitives.dll
0x00007ff868780000 - 0x00007ff86878e000 	C:\Program Files\Java\jdk-19\bin\instrument.dll
0x00007ff867a40000 - 0x00007ff867a66000 	C:\Program Files\Java\jdk-19\bin\java.dll
0x00007ff846750000 - 0x00007ff846827000 	C:\Program Files\Java\jdk-19\bin\jsvml.dll
0x00007ff86e6d0000 - 0x00007ff86ee88000 	C:\Windows\System32\SHELL32.dll
0x00007ff86b680000 - 0x00007ff86bee5000 	C:\Windows\SYSTEM32\windows.storage.dll
0x00007ff86ef00000 - 0x00007ff86f278000 	C:\Windows\System32\combase.dll
0x00007ff86b500000 - 0x00007ff86b666000 	C:\Windows\SYSTEM32\wintypes.dll
0x00007ff86fba0000 - 0x00007ff86fc8a000 	C:\Windows\System32\SHCORE.dll
0x00007ff86eea0000 - 0x00007ff86eefd000 	C:\Windows\System32\shlwapi.dll
0x00007ff86d4f0000 - 0x00007ff86d511000 	C:\Windows\SYSTEM32\profapi.dll
0x00007ff85fd90000 - 0x00007ff85fda8000 	C:\Program Files\Java\jdk-19\bin\zip.dll
0x00007ff8685b0000 - 0x00007ff8685c3000 	C:\Program Files\Java\jdk-19\bin\net.dll
0x00007ff866fc0000 - 0x00007ff8670d4000 	C:\Windows\SYSTEM32\WINHTTP.dll
0x00007ff86cb80000 - 0x00007ff86cbe7000 	C:\Windows\system32\mswsock.dll
0x00007ff868570000 - 0x00007ff868586000 	C:\Program Files\Java\jdk-19\bin\nio.dll

dbghelp: loaded successfully - version: 4.0.5 - missing functions: none
symbol engine: initialized successfully - sym options: 0x614 - pdb path: .;C:\Program Files\Java\jdk-19\bin;C:\Windows\SYSTEM32;C:\Windows\WinSxS\amd64_microsoft.windows.common-controls_6595b64144ccf1df_6.0.22000.120_none_9d947278b86cc467;C:\Program Files\Java\jdk-19\bin\server

VM Arguments:
jvm_args: -javaagent:C:\Program Files\JetBrains\IntelliJ IDEA 2022.2.3\lib\idea_rt.jar=6287:C:\Program Files\JetBrains\IntelliJ IDEA 2022.2.3\bin -Dfile.encoding=UTF-8 -Dsun.stdout.encoding=UTF-8 -Dsun.stderr.encoding=UTF-8 
java_command: org.server.Server
java_class_path (initial): C:\Users\פגרע\AppData\Roaming\JetBrains\IntelliJIdea2022.2\jdbc-drivers\MySQL ConnectorJ\8.0.25\mysql-connector-java-8.0.25.jar;C:\D\Programming\Maven\ShieldLabMaven\server\target\classes
Launcher Type: SUN_STANDARD

[Global flags]
     intx CICompilerCount                          = 4                                         {product} {ergonomic}
     uint ConcGCThreads                            = 3                                         {product} {ergonomic}
     uint G1ConcRefinementThreads                  = 10                                        {product} {ergonomic}
   size_t G1HeapRegionSize                         = 2097152                                   {product} {ergonomic}
    uintx GCDrainStackTargetSize                   = 64                                        {product} {ergonomic}
   size_t InitialHeapSize                          = 232783872                                 {product} {ergonomic}
   size_t MarkStackSize                            = 4194304                                   {product} {ergonomic}
   size_t MaxHeapSize                              = 3720347648                                {product} {ergonomic}
   size_t MaxNewSize                               = 2231369728                                {product} {ergonomic}
   size_t MinHeapDeltaBytes                        = 2097152                                   {product} {ergonomic}
   size_t MinHeapSize                              = 8388608                                   {product} {ergonomic}
    uintx NonNMethodCodeHeapSize                   = 5839372                                {pd product} {ergonomic}
    uintx NonProfiledCodeHeapSize                  = 122909434                              {pd product} {ergonomic}
    uintx ProfiledCodeHeapSize                     = 122909434                              {pd product} {ergonomic}
    uintx ReservedCodeCacheSize                    = 251658240                              {pd product} {ergonomic}
     bool SegmentedCodeCache                       = true                                      {product} {ergonomic}
   size_t SoftMaxHeapSize                          = 3720347648                             {manageable} {ergonomic}
     bool UseCompressedClassPointers               = true                           {product lp64_product} {ergonomic}
     bool UseCompressedOops                        = true                           {product lp64_product} {ergonomic}
     bool UseG1GC                                  = true                                      {product} {ergonomic}
     bool UseLargePagesIndividualAllocation        = false                                  {pd product} {ergonomic}

Logging:
Log output configuration:
 #0: stdout all=warning uptime,level,tags foldmultilines=false
 #1: stderr all=off uptime,level,tags foldmultilines=false

Environment Variables:
JAVA_HOME=C:\Program Files\Java\jdk-19
PATH=C:\Program Files\Common Files\Oracle\Java\javapath;C:\Program Files (x86)\Common Files\Oracle\Java\javapath;C:\Windows\system32;C:\Windows;C:\Windows\System32\Wbem;C:\Windows\System32\WindowsPowerShell\v1.0\;C:\Windows\System32\OpenSSH\;C:\Program Files (x86)\AOMEI\AOMEI Backupper\7.0.0;C:\Program Files\dotnet\;D:\masm32;D:\masm32\bin\ml;D:\masm32\lib;D:\masm32\include;%path%;C:\Windows\System32;C:\Program Files\MySQL\MySQL Server 8.0\bin;C:\Program Files\Git\cmd;C:\Program Files\MySQL\MySQL Shell 8.0\bin\;D:\masm32\bin;C:\Program Files\JetBrains\IntelliJ IDEA 2022.2.3\bin;D:\Program files\apache-maven-3.8.6\bin
USERNAME=פגרע
OS=Windows_NT
PROCESSOR_IDENTIFIER=AMD64 Family 25 Model 80 Stepping 0, AuthenticAMD
TMP=C:\Users\C225~1\AppData\Local\Temp
TEMP=C:\Users\C225~1\AppData\Local\Temp



---------------  S Y S T E M  ---------------

OS:
 Windows 11 , 64 bit Build 22000 (10.0.22000.1219)
OS uptime: 0 days 17:36 hours
Hyper-V role detected

CPU: total 12 (initial active 12) (12 cores per cpu, 2 threads per core) family 25 model 80 stepping 0 microcode 0x0, cx8, cmov, fxsr, ht, mmx, 3dnowpref, sse, sse2, sse3, ssse3, sse4a, sse4.1, sse4.2, popcnt, lzcnt, tsc, tscinvbit, avx, avx2, aes, erms, clmul, bmi1, bmi2, adx, sha, fma, vzeroupper, clflush, clflushopt, hv, rdtscp, rdpid, fsrm

Memory: 4k page, system-wide physical 14188M (4195M free)
TotalPageFile size 16236M (AvailPageFile size 3M)
current process WorkingSet (physical memory assigned to process): 33M, peak: 33M
current process commit charge ("private bytes"): 313M, peak: 313M

vm_info: Java HotSpot(TM) 64-Bit Server VM (19+36-2238) for windows-amd64 JRE (19+36-2238), built on 2022-08-12T20:29:01Z by "mach5one" with MS VC++ 17.1 (VS2022)

END.
